Determining if the pthread_create exist failed with the following output:
Change Dir: /vagrant/CMakeFiles/CMakeTmp

Run Build Command:"/usr/bin/make" "cmTC_76f1d/fast"
/usr/bin/make -f CMakeFiles/cmTC_76f1d.dir/build.make CMakeFiles/cmTC_76f1d.dir/build
make[1]: Entering directory '/vagrant/CMakeFiles/CMakeTmp'
Building C object CMakeFiles/cmTC_76f1d.dir/CheckSymbolExists.c.o
/usr/bin/cc    -o CMakeFiles/cmTC_76f1d.dir/CheckSymbolExists.c.o   -c /vagrant/CMakeFiles/CMakeTmp/CheckSymbolExists.c
Linking C executable cmTC_76f1d
/usr/bin/cmake -E cmake_link_script CMakeFiles/cmTC_76f1d.dir/link.txt --verbose=1
/usr/bin/cc      CMakeFiles/cmTC_76f1d.dir/CheckSymbolExists.c.o  -o cmTC_76f1d 
/usr/bin/ld: CMakeFiles/cmTC_76f1d.dir/CheckSymbolExists.c.o: in function `main':
CheckSymbolExists.c:(.text+0x1b): undefined reference to `pthread_create'
collect2: error: ld returned 1 exit status
make[1]: *** [CMakeFiles/cmTC_76f1d.dir/build.make:87: cmTC_76f1d] Error 1
make[1]: Leaving directory '/vagrant/CMakeFiles/CMakeTmp'
make: *** [Makefile:121: cmTC_76f1d/fast] Error 2

File /vagrant/CMakeFiles/CMakeTmp/CheckSymbolExists.c:
/* */
#include <pthread.h>

int main(int argc, char** argv)
{
  (void)argv;
#ifndef pthread_create
  return ((int*)(&pthread_create))[argc];
#else
  (void)argc;
  return 0;
#endif
}

Determining if the pthread_create exist failed with the following output:
Change Dir: /vagrant/CMakeFiles/CMakeTmp

Run Build Command:"/usr/bin/make" "cmTC_d0f11/fast"
/usr/bin/make -f CMakeFiles/cmTC_d0f11.dir/build.make CMakeFiles/cmTC_d0f11.dir/build
make[1]: Entering directory '/vagrant/CMakeFiles/CMakeTmp'
Building C object CMakeFiles/cmTC_d0f11.dir/CheckSymbolExists.c.o
/usr/bin/cc    -o CMakeFiles/cmTC_d0f11.dir/CheckSymbolExists.c.o   -c /vagrant/CMakeFiles/CMakeTmp/CheckSymbolExists.c
Linking C executable cmTC_d0f11
/usr/bin/cmake -E cmake_link_script CMakeFiles/cmTC_d0f11.dir/link.txt --verbose=1
/usr/bin/cc      CMakeFiles/cmTC_d0f11.dir/CheckSymbolExists.c.o  -o cmTC_d0f11 
/usr/bin/ld: CMakeFiles/cmTC_d0f11.dir/CheckSymbolExists.c.o: in function `main':
CheckSymbolExists.c:(.text+0x1b): undefined reference to `pthread_create'
collect2: error: ld returned 1 exit status
make[1]: *** [CMakeFiles/cmTC_d0f11.dir/build.make:87: cmTC_d0f11] Error 1
make[1]: Leaving directory '/vagrant/CMakeFiles/CMakeTmp'
make: *** [Makefile:121: cmTC_d0f11/fast] Error 2

File /vagrant/CMakeFiles/CMakeTmp/CheckSymbolExists.c:
/* */
#include <pthread.h>

int main(int argc, char** argv)
{
  (void)argv;
#ifndef pthread_create
  return ((int*)(&pthread_create))[argc];
#else
  (void)argc;
  return 0;
#endif
}

