***Starting server on port 57713 ***
Loading net-file from 'my_sumo_sim.net.xml'... done (16ms).
Loading done.
Simulation version 1.1.0 started with time: 0.00
Simulation ended at time: 20.00
Reason: TraCI requested termination.
Performance: 
 Duration: 50172ms
 Real time factor: 0.398629
 UPS: 2.112732
Vehicles: 
 Inserted: 10 (Loaded: 95)
 Running: 10
 Waiting: 0
Statistics (avg):
 RouteLength: 0.00
 Duration: 0.00
 WaitingTime: 0.00
 TimeLoss: 0.00
 DepartDelay: 0.00

DijkstraRouter answered 10 queries and explored 34.70 edges on average.
DijkstraRouter spent 1ms answering queries (0.10ms on average).
