***Starting server on port 58861 ***
Loading net-file from 'my_sumo_sim.net.xml'... done (25ms).
Loading done.
Simulation version 1.1.0 started with time: 0.00
Simulation ended at time: 25.00
Reason: TraCI requested termination.
Performance: 
 Duration: 181548ms
 Real time factor: 0.137705
 UPS: 0.875801
Vehicles: 
 Inserted: 12 (Loaded: 95)
 Running: 12
 Waiting: 0
Statistics (avg):
 RouteLength: 0.00
 Duration: 0.00
 WaitingTime: 0.00
 TimeLoss: 0.00
 DepartDelay: 0.00

DijkstraRouter answered 12 queries and explored 32.92 edges on average.
DijkstraRouter spent 0ms answering queries (0.00ms on average).
